(ARCTools Version 2.0.2)
 HexLoc     DecLoc    MachWord   Label        Instruction                Comment
                                              .equ 0x3fffc0              !Starting point of the memory mapped region 
                                              .equ 0x0                   !0xffff0000 Console Data Port 
                                              .equ 0x4                   !0xffff0004 Console Status Port. 
                                              .equ 0x8                   !0xffff0008 Keyboard Data Port 
                                              .equ 0xc                   !0xffff000c Keyboard Control Port 
                                              .org 2048                  ! Change location counter to 2048
00000800  0000002048  88000000                add %r0, %r0, %r4          !Clear r4, adds %r0 with %r0 --> %r4 
00000804  0000002052  093fffc0                sethi 4194240, %r4         !Stores BASE --> %r4 as 22 MSB and 10 zeros
00000808  0000002056  ffffffff  InWait:       halt                       
0000080c  0000002060  c201200c                ld %r4, [12], %r1          ! Loads content of %r4+CICTL --> %r1 (Flag to see if keyboard input is 1)
00000810  0000002064  82886080                andcc %r1, 128, %r1        ! Performs logical and operation of %r1 and 0x80 (10000000) --> %r1 (Checks for keyboard status port)
00000814  0000002068  02bffffd                be -3                      ! If it is equal to 0, loops back up to InWait label (Waits for a keyboard input)
00000818  0000002072  c6012008                ld %r4, [8], %r3           ! Loads content of %r4+CIN --> %r3 (Reads input)
0000081c  0000002076  8aa0e01b                subcc %r3, 27, %r5         ! 27 is Escape, subtracts %r3 with 27 --> %r5
00000820  0000002080  02800006                be 6                       ! stop if it is. 
00000824  0000002084  c2012004  Wait:         ld %r4, [4], %r1           ! Loads contnt of $r4+COSTAT --> %r1
00000828  0000002088  82886080                andcc %r1, 128, %r1        ! Performs logical and operation of %r1 and 0x80 (Printer Trap Handler) --> %r1
0000082c  0000002092  02bffffe                be -2                      ! If equal to zero, repeats Wait label
00000830  0000002096  c6212000                st %r3, %r4, [0]           ! Stores %r3 --> %r4+COUT (Print)
00000834  0000002100  10bffff5                ba -11                     ! Always branches back to InWait for next keyboard input
00000838  0000002104  ffffffff  End:          halt                       ! Ends simulator
                                                                         ! Stop assembling

--- Symbol Table ---
InWait: 2056
BASE: 4194240
Wait: 2084
CICTL: 12
End: 2104
CIN: 8
COUT: 0
COSTAT: 4
